cooklet/app/build/intermediates/manifest_merge_blame_file/debug/manifest-merger-blame-debug-report.txt
1<?xml version="1.0" encoding="utf-8"?>
2<manifest xmlns:android="http://schemas.android.com/apk/res/android"
3    package="com.example.cooklet"
4    android:versionCode="1"
5    android:versionName="1.0" >
6
7    <uses-sdk
8        android:minSdkVersion="28"
8-->src\main\AndroidManifest.xml
9        android:targetSdkVersion="30" />
9-->src\main\AndroidManifest.xml
10
11    <application
11-->src\main\AndroidManifest.xml:5:5-36:19
12        android:allowBackup="true"
12-->src\main\AndroidManifest.xml:6:9-35
13        android:appComponentFactory="androidx.core.app.CoreComponentFactory"
13-->[androidx.core:core:1.3.1] AndroidManifest.xml:24:18-86
14        android:debuggable="true"
15        android:extractNativeLibs="false"
16        android:icon="@drawable/coolkle_icon_removebg"
16-->src\main\AndroidManifest.xml:7:9-55
17        android:label="@string/app_name"
17-->src\main\AndroidManifest.xml:8:9-41
18        android:roundIcon="@drawable/coolkle_icon_round_removebg"
18-->src\main\AndroidManifest.xml:9:9-66
19        android:supportsRtl="true"
19-->src\main\AndroidManifest.xml:10:9-35
20        android:testOnly="true"
21        android:theme="@style/Theme.Cooklet" >
21-->src\main\AndroidManifest.xml:11:9-45
22        <activity
22-->src\main\AndroidManifest.xml:12:9-14:40
23            android:name="com.example.cooklet.StepsActivity"
23-->src\main\AndroidManifest.xml:13:13-42
24            android:exported="false" />
24-->src\main\AndroidManifest.xml:14:13-37
25        <activity
25-->src\main\AndroidManifest.xml:15:9-17:40
26            android:name="com.example.cooklet.MainActivity_Prepare"
26-->src\main\AndroidManifest.xml:16:13-49
27            android:exported="false" />
27-->src\main\AndroidManifest.xml:17:13-37
28        <activity
28-->src\main\AndroidManifest.xml:18:9-20:40
29            android:name="com.example.cooklet.MainActivity_Introduction"
29-->src\main\AndroidManifest.xml:19:13-54
30            android:exported="false" />
30-->src\main\AndroidManifest.xml:20:13-37
31        <activity
31-->src\main\AndroidManifest.xml:21:9-29:20
32            android:name="com.example.cooklet.MainActivity_Type"
32-->src\main\AndroidManifest.xml:22:13-46
33            android:exported="true" >
33-->src\main\AndroidManifest.xml:23:13-36
34            <intent-filter>
34-->src\main\AndroidManifest.xml:24:13-28:29
35                <action android:name="android.intent.action.MAIN" />
35-->src\main\AndroidManifest.xml:25:17-69
35-->src\main\AndroidManifest.xml:25:25-66
36
37                <category android:name="android.intent.category.LAUNCHER" />
37-->src\main\AndroidManifest.xml:27:17-77
37-->src\main\AndroidManifest.xml:27:27-74
38            </intent-filter>
39        </activity>
40        <activity
40-->src\main\AndroidManifest.xml:30:9-32:40
41            android:name="com.example.cooklet.MainActivity_Meun"
41-->src\main\AndroidManifest.xml:31:13-46
42            android:exported="false" />
42-->src\main\AndroidManifest.xml:32:13-37
43        <activity
43-->src\main\AndroidManifest.xml:33:9-35:40
44            android:name="com.example.cooklet.MainActivity"
44-->src\main\AndroidManifest.xml:34:13-41
45            android:exported="false" />
45-->src\main\AndroidManifest.xml:35:13-37
46    </application>
47
48</manifest>